0 info it worked if it ends with ok
1 verbose cli [ '/usr/bin/nodejs', '/usr/bin/npm', 'run', 'go' ]
2 info using npm@3.5.2
3 info using node@v4.2.6
4 verbose run-script [ 'prego', 'go', 'postgo' ]
5 info lifecycle artFind@0.1.0~prego: artFind@0.1.0
6 silly lifecycle artFind@0.1.0~prego: no script for prego, continuing
7 info lifecycle artFind@0.1.0~go: artFind@0.1.0
8 verbose lifecycle artFind@0.1.0~go: unsafe-perm in lifecycle true
9 verbose lifecycle artFind@0.1.0~go: PATH: /usr/share/npm/bin/node-gyp-bin:/home/taylor/FrontEnd/FinalProject/artFind/node_modules/.bin:/home/taylor/.rbenv/shims:/home/taylor/.rbenv/bin:/home/taylor/.rbenv/shims:/home/taylor/.rbenv/bin:/home/taylor/bin:/home/taylor/.local/bin:/usr/local/sbin:/usr/local/bin:/usr/sbin:/usr/bin:/sbin:/bin:/usr/games:/usr/local/games:/snap/bin
10 verbose lifecycle artFind@0.1.0~go: CWD: /home/taylor/FrontEnd/FinalProject/artFind
11 silly lifecycle artFind@0.1.0~go: Args: [ '-c', 'npm run watch && npm run dev' ]
12 silly lifecycle artFind@0.1.0~go: Returned: code: 1  signal: null
13 info lifecycle artFind@0.1.0~go: Failed to exec go script
14 verbose stack Error: artFind@0.1.0 go: `npm run watch && npm run dev`
14 verbose stack Exit status 1
14 verbose stack     at EventEmitter.<anonymous> (/usr/share/npm/lib/utils/lifecycle.js:232:16)
14 verbose stack     at emitTwo (events.js:87:13)
14 verbose stack     at EventEmitter.emit (events.js:172:7)
14 verbose stack     at ChildProcess.<anonymous> (/usr/share/npm/lib/utils/spawn.js:24:14)
14 verbose stack     at emitTwo (events.js:87:13)
14 verbose stack     at ChildProcess.emit (events.js:172:7)
14 verbose stack     at maybeClose (internal/child_process.js:821:16)
14 verbose stack     at Process.ChildProcess._handle.onexit (internal/child_process.js:211:5)
15 verbose pkgid artFind@0.1.0
16 verbose cwd /home/taylor/FrontEnd/FinalProject/artFind
17 error Linux 4.4.0-75-generic
18 error argv "/usr/bin/nodejs" "/usr/bin/npm" "run" "go"
19 error node v4.2.6
20 error npm  v3.5.2
21 error code ELIFECYCLE
22 error artFind@0.1.0 go: `npm run watch && npm run dev`
22 error Exit status 1
23 error Failed at the artFind@0.1.0 go script 'npm run watch && npm run dev'.
23 error Make sure you have the latest version of node.js and npm installed.
23 error If you do, this is most likely a problem with the artFind package,
23 error not with npm itself.
23 error Tell the author that this fails on your system:
23 error     npm run watch && npm run dev
23 error You can get information on how to open an issue for this project with:
23 error     npm bugs artFind
23 error Or if that isn't available, you can get their info via:
23 error     npm owner ls artFind
23 error There is likely additional logging output above.
24 verbose exit [ 1, true ]
